4 : protocol.go:111 (onet.(*protocolStorage).Register) - Registered Broadcast to 59af9e1e-79cc-301b-b2b4-bbfe989bac36
4 : protocol.go:111 (onet.(*protocolStorage).Register) - Registered blsCoSiProtoDefault to 522a1bad-ed6f-3326-bbef-36fe2a859cf1
4 : protocol.go:111 (onet.(*protocolStorage).Register) - Registered blsSubCoSiProtoDefault to 9941c053-dc08-359f-8a68-d00fee072378
4 : protocol.go:111 (onet.(*protocolStorage).Register) - Registered scExtendRoster to 324d4101-3ab7-3672-a985-43b9ec56a82e
4 : protocol.go:111 (onet.(*protocolStorage).Register) - Registered scGetBlocks to 15533989-b358-3b71-b454-4558037237a3
1 : server.go:217 (onet.(*Server).Start)     - Starting server at 2020-01-21 19:56:57 on address tls://localhost:2004
2 : websocket.go:186 (onet.(*WebSocket).start) - Starting to listen on 0.0.0.0:2005
2 : tls.go:261 (network.NewTLSListenerWithListenAddr.func1) - Got new connection request from: [::1]:61959
2 : struct.go:798 (skipchain.(*SkipBlockDB).StoreBlocks.func1) - Storing skipblock 0 / 966eff4640d2d4a5e230821b3ed5b5afda7b336936b0e3fdf44e62a391749e52
2 : service.go:1582 (byzcoin.(*Service).updateTrieCallback) - tls://localhost:2004 Updating 1 transactions for 966eff4640d2d4a5e230821b3ed5b5afda7b336936b0e3fdf44e62a391749e52 on index 0
2 : service.go:2240 (byzcoin.(*Service).processOneTx) - StateChange Create for id 0000000000000000000000000000000000000000000000000000000000000000 - contract: config
2 : service.go:2240 (byzcoin.(*Service).processOneTx) - StateChange Create for id 99381fbf4d4d9fccd54b78b38eef5856a92d6257d5ffdfa966486a6410914c0f - contract: darc
2 : service.go:1659 (byzcoin.(*Service).updateTrieCallback) - tls://localhost:2004 starting heartbeat monitor for 966eff4640d2d4a5e230821b3ed5b5afda7b336936b0e3fdf44e62a391749e52 with window 5s
2 : service.go:1677 (byzcoin.(*Service).updateTrieCallback) - tls://localhost:2004 started viewchangeMonitor for 966eff4640d2d4a5e230821b3ed5b5afda7b336936b0e3fdf44e62a391749e52
2 : service.go:1698 (byzcoin.(*Service).updateTrieCallback) - tls://localhost:2004 updated trie for 966eff4640d2d4a5e230821b3ed5b5afda7b336936b0e3fdf44e62a391749e52 with root 8e4f3ba25be6243841caa894a1fcd3646f021ac1783d62e0c28f98efe77adf63
2 : websocket.go:280 (onet.wsHandler.ServeHTTP) - ws request from [::1]:61962: ByzCoin/GetProof
2 : service.go:526 (byzcoin.(*Service).GetProof) - tls://localhost:2004: Returning proof for 0000000000000000000000000000000000000000000000000000000000000000 from chain 966eff4640d2d4a5e230821b3ed5b5afda7b336936b0e3fdf44e62a391749e52 at index 0
2 : websocket.go:245 (onet.wsHandler.ServeHTTP.func1) - ws close [::1]:61962 n 1 rx 72 tx 7370
2 : websocket.go:280 (onet.wsHandler.ServeHTTP) - ws request from [::1]:61967: Skipchain/GetSingleBlock
2 : websocket.go:245 (onet.wsHandler.ServeHTTP.func1) - ws close [::1]:61967 n 1 rx 34 tx 4119
2 : websocket.go:280 (onet.wsHandler.ServeHTTP) - ws request from [::1]:61968: ByzCoin/GetProof
2 : service.go:526 (byzcoin.(*Service).GetProof) - tls://localhost:2004: Returning proof for 0000000000000000000000000000000000000000000000000000000000000000 from chain 966eff4640d2d4a5e230821b3ed5b5afda7b336936b0e3fdf44e62a391749e52 at index 0
2 : websocket.go:245 (onet.wsHandler.ServeHTTP.func1) - ws close [::1]:61968 n 1 rx 72 tx 7370
2 : websocket.go:280 (onet.wsHandler.ServeHTTP) - ws request from [::1]:61971: ByzCoin/GetSignerCounters
2 : websocket.go:245 (onet.wsHandler.ServeHTTP.func1) - ws close [::1]:61971 n 1 rx 108 tx 5
2 : websocket.go:280 (onet.wsHandler.ServeHTTP) - ws request from [::1]:61976: Skipchain/GetSingleBlock
2 : websocket.go:245 (onet.wsHandler.ServeHTTP.func1) - ws close [::1]:61976 n 1 rx 34 tx 4119
2 : websocket.go:280 (onet.wsHandler.ServeHTTP) - ws request from [::1]:61977: ByzCoin/GetProof
2 : service.go:526 (byzcoin.(*Service).GetProof) - tls://localhost:2004: Returning proof for 99381fbf4d4d9fccd54b78b38eef5856a92d6257d5ffdfa966486a6410914c0f from chain 966eff4640d2d4a5e230821b3ed5b5afda7b336936b0e3fdf44e62a391749e52 at index 0
2 : websocket.go:245 (onet.wsHandler.ServeHTTP.func1) - ws close [::1]:61977 n 1 rx 72 tx 6983
