1 : server.go:217 (onet.(*Server).Start)     - Starting server at 2020-03-05 14:24:55 on address tls://localhost:2004
2 : websocket.go:186 (onet.(*WebSocket).start) - Starting to listen on 0.0.0.0:2005
2 : tls.go:261 (network.NewTLSListenerWithListenAddr.func1) - Got new connection request from: [::1]:63518
2 : struct.go:798 (skipchain.(*SkipBlockDB).StoreBlocks.func1) - Storing skipblock 0 / 7810e7fb4eb91592f169441b3364a75827e2da9c687fa311ea77060b344e7ff3
2 : service.go:1582 (byzcoin.(*Service).updateTrieCallback) - tls://localhost:2004 Updating 1 transactions for 7810e7fb4eb91592f169441b3364a75827e2da9c687fa311ea77060b344e7ff3 on index 0
2 : service.go:2240 (byzcoin.(*Service).processOneTx) - StateChange Create for id 0000000000000000000000000000000000000000000000000000000000000000 - contract: config
2 : service.go:2240 (byzcoin.(*Service).processOneTx) - StateChange Create for id 77c79cc6df33cab41abf2bb0866be396dcba329036e2077bc6147d495031b3ee - contract: darc
2 : service.go:1659 (byzcoin.(*Service).updateTrieCallback) - tls://localhost:2004 starting heartbeat monitor for 7810e7fb4eb91592f169441b3364a75827e2da9c687fa311ea77060b344e7ff3 with window 5s
2 : service.go:1677 (byzcoin.(*Service).updateTrieCallback) - tls://localhost:2004 started viewchangeMonitor for 7810e7fb4eb91592f169441b3364a75827e2da9c687fa311ea77060b344e7ff3
2 : service.go:1698 (byzcoin.(*Service).updateTrieCallback) - tls://localhost:2004 updated trie for 7810e7fb4eb91592f169441b3364a75827e2da9c687fa311ea77060b344e7ff3 with root ce638d375986615c022a3d39ae48ae60c735c42a066a30416b268644a535079f
2 : websocket.go:280 (onet.wsHandler.ServeHTTP) - ws request from [::1]:63520: ByzCoin/GetProof
2 : service.go:526 (byzcoin.(*Service).GetProof) - tls://localhost:2004: Returning proof for 0000000000000000000000000000000000000000000000000000000000000000 from chain 7810e7fb4eb91592f169441b3364a75827e2da9c687fa311ea77060b344e7ff3 at index 0
2 : websocket.go:245 (onet.wsHandler.ServeHTTP.func1) - ws close [::1]:63520 n 1 rx 72 tx 7086
2 : websocket.go:280 (onet.wsHandler.ServeHTTP) - ws request from [::1]:63525: Skipchain/GetSingleBlock
2 : websocket.go:245 (onet.wsHandler.ServeHTTP.func1) - ws close [::1]:63525 n 1 rx 34 tx 4119
2 : websocket.go:280 (onet.wsHandler.ServeHTTP) - ws request from [::1]:63528: ByzCoin/GetProof
2 : service.go:526 (byzcoin.(*Service).GetProof) - tls://localhost:2004: Returning proof for 0000000000000000000000000000000000000000000000000000000000000000 from chain 7810e7fb4eb91592f169441b3364a75827e2da9c687fa311ea77060b344e7ff3 at index 0
2 : websocket.go:245 (onet.wsHandler.ServeHTTP.func1) - ws close [::1]:63528 n 1 rx 72 tx 7086
2 : websocket.go:280 (onet.wsHandler.ServeHTTP) - ws request from [::1]:63529: ByzCoin/GetProof
2 : service.go:526 (byzcoin.(*Service).GetProof) - tls://localhost:2004: Returning proof for 77c79cc6df33cab41abf2bb0866be396dcba329036e2077bc6147d495031b3ee from chain 7810e7fb4eb91592f169441b3364a75827e2da9c687fa311ea77060b344e7ff3 at index 0
2 : websocket.go:245 (onet.wsHandler.ServeHTTP.func1) - ws close [::1]:63529 n 1 rx 72 tx 6699
2 : websocket.go:280 (onet.wsHandler.ServeHTTP) - ws request from [::1]:63534: ByzCoin/GetProof
2 : service.go:526 (byzcoin.(*Service).GetProof) - tls://localhost:2004: Returning proof for 77c79cc6df33cab41abf2bb0866be396dcba329036e2077bc6147d495031b3ee from chain 7810e7fb4eb91592f169441b3364a75827e2da9c687fa311ea77060b344e7ff3 at index 0
2 : websocket.go:245 (onet.wsHandler.ServeHTTP.func1) - ws close [::1]:63534 n 1 rx 72 tx 6699
2 : websocket.go:280 (onet.wsHandler.ServeHTTP) - ws request from [::1]:63535: ByzCoin/GetSignerCounters
2 : websocket.go:245 (onet.wsHandler.ServeHTTP.func1) - ws close [::1]:63535 n 1 rx 108 tx 5
2 : websocket.go:280 (onet.wsHandler.ServeHTTP) - ws request from [::1]:63540: Skipchain/GetSingleBlock
2 : websocket.go:245 (onet.wsHandler.ServeHTTP.func1) - ws close [::1]:63540 n 1 rx 34 tx 4119
2 : websocket.go:280 (onet.wsHandler.ServeHTTP) - ws request from [::1]:63541: ByzCoin/GetProof
2 : service.go:526 (byzcoin.(*Service).GetProof) - tls://localhost:2004: Returning proof for 0000000000000000000000000000000000000000000000000000000000000000 from chain 7810e7fb4eb91592f169441b3364a75827e2da9c687fa311ea77060b344e7ff3 at index 0
2 : websocket.go:245 (onet.wsHandler.ServeHTTP.func1) - ws close [::1]:63541 n 1 rx 72 tx 7086
2 : websocket.go:280 (onet.wsHandler.ServeHTTP) - ws request from [::1]:63544: ByzCoin/GetSignerCounters
2 : websocket.go:245 (onet.wsHandler.ServeHTTP.func1) - ws close [::1]:63544 n 1 rx 108 tx 5
2 : websocket.go:280 (onet.wsHandler.ServeHTTP) - ws request from [::1]:63548: Skipchain/GetSingleBlock
2 : websocket.go:245 (onet.wsHandler.ServeHTTP.func1) - ws close [::1]:63548 n 1 rx 34 tx 4119
