1 : server.go:217 (onet.(*Server).Start)     - Starting server at 2020-03-05 14:24:55 on address tls://localhost:2006
2 : websocket.go:186 (onet.(*WebSocket).start) - Starting to listen on 0.0.0.0:2007
2 : tls.go:261 (network.NewTLSListenerWithListenAddr.func1) - Got new connection request from: [::1]:63517
2 : struct.go:798 (skipchain.(*SkipBlockDB).StoreBlocks.func1) - Storing skipblock 0 / 7810e7fb4eb91592f169441b3364a75827e2da9c687fa311ea77060b344e7ff3
2 : service.go:1582 (byzcoin.(*Service).updateTrieCallback) - tls://localhost:2006 Updating 1 transactions for 7810e7fb4eb91592f169441b3364a75827e2da9c687fa311ea77060b344e7ff3 on index 0
2 : service.go:2240 (byzcoin.(*Service).processOneTx) - StateChange Create for id 0000000000000000000000000000000000000000000000000000000000000000 - contract: config
2 : service.go:2240 (byzcoin.(*Service).processOneTx) - StateChange Create for id 77c79cc6df33cab41abf2bb0866be396dcba329036e2077bc6147d495031b3ee - contract: darc
2 : service.go:1659 (byzcoin.(*Service).updateTrieCallback) - tls://localhost:2006 starting heartbeat monitor for 7810e7fb4eb91592f169441b3364a75827e2da9c687fa311ea77060b344e7ff3 with window 5s
2 : service.go:1677 (byzcoin.(*Service).updateTrieCallback) - tls://localhost:2006 started viewchangeMonitor for 7810e7fb4eb91592f169441b3364a75827e2da9c687fa311ea77060b344e7ff3
2 : service.go:1698 (byzcoin.(*Service).updateTrieCallback) - tls://localhost:2006 updated trie for 7810e7fb4eb91592f169441b3364a75827e2da9c687fa311ea77060b344e7ff3 with root ce638d375986615c022a3d39ae48ae60c735c42a066a30416b268644a535079f
2 : websocket.go:280 (onet.wsHandler.ServeHTTP) - ws request from [::1]:63521: ByzCoin/GetProof
2 : service.go:526 (byzcoin.(*Service).GetProof) - tls://localhost:2006: Returning proof for 0000000000000000000000000000000000000000000000000000000000000000 from chain 7810e7fb4eb91592f169441b3364a75827e2da9c687fa311ea77060b344e7ff3 at index 0
2 : websocket.go:245 (onet.wsHandler.ServeHTTP.func1) - ws close [::1]:63521 n 1 rx 72 tx 7086
2 : websocket.go:280 (onet.wsHandler.ServeHTTP) - ws request from [::1]:63526: Skipchain/GetSingleBlock
2 : websocket.go:245 (onet.wsHandler.ServeHTTP.func1) - ws close [::1]:63526 n 1 rx 34 tx 4119
2 : websocket.go:280 (onet.wsHandler.ServeHTTP) - ws request from [::1]:63527: ByzCoin/GetProof
2 : service.go:526 (byzcoin.(*Service).GetProof) - tls://localhost:2006: Returning proof for 0000000000000000000000000000000000000000000000000000000000000000 from chain 7810e7fb4eb91592f169441b3364a75827e2da9c687fa311ea77060b344e7ff3 at index 0
2 : websocket.go:245 (onet.wsHandler.ServeHTTP.func1) - ws close [::1]:63527 n 1 rx 72 tx 7086
2 : websocket.go:280 (onet.wsHandler.ServeHTTP) - ws request from [::1]:63531: ByzCoin/GetProof
2 : service.go:526 (byzcoin.(*Service).GetProof) - tls://localhost:2006: Returning proof for 0000000000000000000000000000000000000000000000000000000000000000 from chain 7810e7fb4eb91592f169441b3364a75827e2da9c687fa311ea77060b344e7ff3 at index 0
2 : websocket.go:245 (onet.wsHandler.ServeHTTP.func1) - ws close [::1]:63531 n 1 rx 72 tx 7086
2 : websocket.go:280 (onet.wsHandler.ServeHTTP) - ws request from [::1]:63536: ByzCoin/GetSignerCounters
2 : websocket.go:245 (onet.wsHandler.ServeHTTP.func1) - ws close [::1]:63536 n 1 rx 108 tx 5
2 : websocket.go:280 (onet.wsHandler.ServeHTTP) - ws request from [::1]:63545: ByzCoin/GetSignerCounters
2 : websocket.go:245 (onet.wsHandler.ServeHTTP.func1) - ws close [::1]:63545 n 1 rx 108 tx 5
2 : websocket.go:280 (onet.wsHandler.ServeHTTP) - ws request from [::1]:63549: Skipchain/GetSingleBlock
2 : websocket.go:245 (onet.wsHandler.ServeHTTP.func1) - ws close [::1]:63549 n 1 rx 34 tx 4119
2 : websocket.go:280 (onet.wsHandler.ServeHTTP) - ws request from [::1]:63551: ByzCoin/GetProof
2 : service.go:526 (byzcoin.(*Service).GetProof) - tls://localhost:2006: Returning proof for 0000000000000000000000000000000000000000000000000000000000000000 from chain 7810e7fb4eb91592f169441b3364a75827e2da9c687fa311ea77060b344e7ff3 at index 0
2 : websocket.go:245 (onet.wsHandler.ServeHTTP.func1) - ws close [::1]:63551 n 1 rx 72 tx 7086
2 : websocket.go:280 (onet.wsHandler.ServeHTTP) - ws request from [::1]:63553: ByzCoin/GetProof
2 : service.go:526 (byzcoin.(*Service).GetProof) - tls://localhost:2006: Returning proof for 77c79cc6df33cab41abf2bb0866be396dcba329036e2077bc6147d495031b3ee from chain 7810e7fb4eb91592f169441b3364a75827e2da9c687fa311ea77060b344e7ff3 at index 0
2 : websocket.go:245 (onet.wsHandler.ServeHTTP.func1) - ws close [::1]:63553 n 1 rx 72 tx 6699
